[19-Jun-2024 13:28:41 UTC] WordPress database error Table 'exampledb.wp_appointments' doesn't exist for query SELECT * FROM wp_appointments ORDER BY appointment_date DESC made by do_action('toplevel_page_appointments-plugin'), WP_Hook->do_action, WP_Hook->apply_filters, map_admin_page, include('/plugins/reservas-plugin/includes/appointments-page.php')
[19-Jun-2024 13:30:55 UTC] WordPress database error Table 'exampledb.wp_appointments' doesn't exist for query SELECT * FROM wp_appointments ORDER BY appointment_date DESC made by do_action('toplevel_page_appointments-plugin'), WP_Hook->do_action, WP_Hook->apply_filters, map_admin_page, include('/plugins/reservas-plugin/includes/appointments-page.php')
[19-Jun-2024 13:36:11 UTC] WordPress database error Table 'exampledb.wp_appointments' doesn't exist for query SELECT * FROM wp_appointments ORDER BY appointment_date DESC made by do_action('toplevel_page_appointments-plugin'), WP_Hook->do_action, WP_Hook->apply_filters, map_admin_page, include('/plugins/reservas-plugin/includes/appointments-page.php')
[19-Jun-2024 18:09:43 UTC] WordPress database error Table 'exampledb.wp_services' doesn't exist for query SELECT id, name FROM wp_services made by do_action('toplevel_page_booking-manager'), WP_Hook->do_action, WP_Hook->apply_filters, booking_settings_page
[19-Jun-2024 18:09:43 UTC] WordPress database error Table 'exampledb.wp_services' doesn't exist for query SELECT b.*, s.name as service_name, u.display_name as user_name FROM wp_bookings b JOIN wp_services s ON b.service_id = s.id JOIN wp_users u ON b.user_id = u.ID made by do_action('toplevel_page_booking-manager'), WP_Hook->do_action, WP_Hook->apply_filters, booking_settings_page
[19-Jun-2024 18:09:49 UTC] WordPress database error Table 'exampledb.wp_services' doesn't exist for query SELECT id, name FROM wp_services made by do_action('toplevel_page_booking-manager'), WP_Hook->do_action, WP_Hook->apply_filters, booking_settings_page
[19-Jun-2024 18:09:49 UTC] WordPress database error Table 'exampledb.wp_services' doesn't exist for query SELECT b.*, s.name as service_name, u.display_name as user_name FROM wp_bookings b JOIN wp_services s ON b.service_id = s.id JOIN wp_users u ON b.user_id = u.ID made by do_action('toplevel_page_booking-manager'), WP_Hook->do_action, WP_Hook->apply_filters, booking_settings_page
[19-Jun-2024 18:11:22 UTC] WordPress database error Table 'exampledb.wp_services' doesn't exist for query SELECT id, name FROM wp_services made by do_action('toplevel_page_booking-manager'), WP_Hook->do_action, WP_Hook->apply_filters, booking_settings_page
[19-Jun-2024 18:11:22 UTC] WordPress database error Table 'exampledb.wp_services' doesn't exist for query SELECT b.*, s.name as service_name, u.display_name as user_name FROM wp_bookings b JOIN wp_services s ON b.service_id = s.id JOIN wp_users u ON b.user_id = u.ID made by do_action('toplevel_page_booking-manager'), WP_Hook->do_action, WP_Hook->apply_filters, booking_settings_page
[19-Jun-2024 18:13:08 UTC] WordPress database error You have an error in your SQL syntax; check the manual that corresponds to your MySQL server version for the right syntax to use near 'FOREIGN KEY (user_id) REFERENCES wp_users(ID)' at line 1 for query ALTER TABLE wp_bookings ADD COLUMN FOREIGN KEY (user_id) REFERENCES wp_users(ID) made by activate_plugin, do_action('activate_reservas-peluqueria/booking-manager.php'), WP_Hook->do_action, WP_Hook->apply_filters, booking_manager_install, dbDelta
[19-Jun-2024 18:13:26 UTC] WordPress database error You have an error in your SQL syntax; check the manual that corresponds to your MySQL server version for the right syntax to use near 'FOREIGN KEY (user_id) REFERENCES wp_users(ID)' at line 1 for query ALTER TABLE wp_bookings ADD COLUMN FOREIGN KEY (user_id) REFERENCES wp_users(ID) made by activate_plugin, do_action('activate_reservas-peluqueria/booking-manager.php'), WP_Hook->do_action, WP_Hook->apply_filters, booking_manager_install, dbDelta
[19-Jun-2024 18:13:26 UTC] WordPress database error You have an error in your SQL syntax; check the manual that corresponds to your MySQL server version for the right syntax to use near 'FOREIGN KEY (booking_id) REFERENCES wp_bookings(id)' at line 1 for query ALTER TABLE wp_reviews ADD COLUMN FOREIGN KEY (booking_id) REFERENCES wp_bookings(id) made by activate_plugin, do_action('activate_reservas-peluqueria/booking-manager.php'), WP_Hook->do_action, WP_Hook->apply_filters, booking_manager_install, dbDelta
[19-Jun-2024 18:31:29 UTC] PHP Warning:  include_once(/var/www/html/wp-content/plugins/reservas-peluqueria/includes/save-booking.php): Failed to open stream: No such file or directory in /var/www/html/wp-content/plugins/reservas-peluqueria/booking-manager.php on line 14
[19-Jun-2024 18:31:29 UTC] PHP Warning:  include_once(): Failed opening '/var/www/html/wp-content/plugins/reservas-peluqueria/includes/save-booking.php' for inclusion (include_path='.:/usr/local/lib/php') in /var/www/html/wp-content/plugins/reservas-peluqueria/booking-manager.php on line 14
[21-Jun-2024 18:07:47 UTC] PHP Warning:  require_once(/var/www/html/wp-content/plugins/booking/includes/class-wp-booking-system-loader.php): Failed to open stream: No such file or directory in /var/www/html/wp-content/plugins/booking/includes/class-wp-booking-system.php on line 19
[21-Jun-2024 18:07:47 UTC] PHP Fatal error:  Uncaught Error: Failed opening required '/var/www/html/wp-content/plugins/booking/includes/class-wp-booking-system-loader.php' (include_path='.:/usr/local/lib/php') in /var/www/html/wp-content/plugins/booking/includes/class-wp-booking-system.php:19
Stack trace:
#0 /var/www/html/wp-content/plugins/booking/includes/class-wp-booking-system.php(13): WP_Booking_System->load_dependencies()
#1 /var/www/html/wp-content/plugins/booking/wp-booking-system.php(35): WP_Booking_System->__construct()
#2 /var/www/html/wp-content/plugins/booking/wp-booking-system.php(39): run_wp_booking_system()
#3 /var/www/html/wp-admin/includes/plugin.php(2389): include_once('/var/www/html/w...')
#4 /var/www/html/wp-admin/includes/plugin.php(675): plugin_sandbox_scrape('booking/wp-book...')
#5 /var/www/html/wp-admin/plugins.php(60): activate_plugin('booking/wp-book...', 'http://localhos...', false)
#6 {main}
  thrown in /var/www/html/wp-content/plugins/booking/includes/class-wp-booking-system.php on line 19
[21-Jun-2024 18:08:05 UTC] PHP Warning:  require_once(/var/www/html/wp-content/plugins/booking/includes/class-wp-booking-system-loader.php): Failed to open stream: No such file or directory in /var/www/html/wp-content/plugins/booking/includes/class-wp-booking-system.php on line 19
[21-Jun-2024 18:08:05 UTC] PHP Fatal error:  Uncaught Error: Failed opening required '/var/www/html/wp-content/plugins/booking/includes/class-wp-booking-system-loader.php' (include_path='.:/usr/local/lib/php') in /var/www/html/wp-content/plugins/booking/includes/class-wp-booking-system.php:19
Stack trace:
#0 /var/www/html/wp-content/plugins/booking/includes/class-wp-booking-system.php(13): WP_Booking_System->load_dependencies()
#1 /var/www/html/wp-content/plugins/booking/wp-booking-system.php(35): WP_Booking_System->__construct()
#2 /var/www/html/wp-content/plugins/booking/wp-booking-system.php(39): run_wp_booking_system()
#3 /var/www/html/wp-admin/includes/plugin.php(2389): include_once('/var/www/html/w...')
#4 /var/www/html/wp-admin/includes/plugin.php(675): plugin_sandbox_scrape('booking/wp-book...')
#5 /var/www/html/wp-admin/plugins.php(60): activate_plugin('booking/wp-book...', 'http://localhos...', false)
#6 {main}
  thrown in /var/www/html/wp-content/plugins/booking/includes/class-wp-booking-system.php on line 19
[21-Jun-2024 18:19:29 UTC] WordPress database error You have an error in your SQL syntax; check the manual that corresponds to your MySQL server version for the right syntax to use near 'FOREIGN KEY (user_id) REFERENCES wp_users(ID)' at line 1 for query ALTER TABLE wp_bookings ADD COLUMN FOREIGN KEY (user_id) REFERENCES wp_users(ID) made by activate_plugin, do_action('activate_reservas-peluqueria/booking-manager.php'), WP_Hook->do_action, WP_Hook->apply_filters, booking_manager_install, dbDelta
[21-Jun-2024 18:19:29 UTC] WordPress database error You have an error in your SQL syntax; check the manual that corresponds to your MySQL server version for the right syntax to use near 'FOREIGN KEY (booking_id) REFERENCES wp_bookings(id)' at line 1 for query ALTER TABLE wp_reviews ADD COLUMN FOREIGN KEY (booking_id) REFERENCES wp_bookings(id) made by activate_plugin, do_action('activate_reservas-peluqueria/booking-manager.php'), WP_Hook->do_action, WP_Hook->apply_filters, booking_manager_install, dbDelta
[21-Jun-2024 18:35:47 UTC] PHP Warning:  Undefined array key "action" in /var/www/html/wp-content/plugins/hair-salon-booking.php on line 140
[21-Jun-2024 18:35:47 UTC] PHP Warning:  Undefined array key "action" in /var/www/html/wp-content/plugins/hair-salon-booking.php on line 154
[21-Jun-2024 18:35:47 UTC] WordPress database error Table 'exampledb.wp_hsb_availability' doesn't exist for query SELECT * FROM wp_hsb_availability made by do_action('toplevel_page_hair-salon-booking'), WP_Hook->do_action, WP_Hook->apply_filters, hsb_admin_page
[21-Jun-2024 18:36:08 UTC] PHP Warning:  Undefined array key "is_holiday" in /var/www/html/wp-content/plugins/hair-salon-booking.php on line 144
[21-Jun-2024 18:36:08 UTC] WordPress database error Table 'exampledb.wp_hsb_availability' doesn't exist for query SHOW FULL COLUMNS FROM `wp_hsb_availability` made by do_action('toplevel_page_hair-salon-booking'), WP_Hook->do_action, WP_Hook->apply_filters, hsb_admin_page
[21-Jun-2024 18:36:08 UTC] WordPress database error Table 'exampledb.wp_hsb_availability' doesn't exist for query SELECT * FROM wp_hsb_availability made by do_action('toplevel_page_hair-salon-booking'), WP_Hook->do_action, WP_Hook->apply_filters, hsb_admin_page
[21-Jun-2024 18:36:08 UTC] PHP Warning:  Undefined array key "is_holiday" in /var/www/html/wp-content/plugins/hair-salon-booking.php on line 144
[21-Jun-2024 18:36:08 UTC] WordPress database error Table 'exampledb.wp_hsb_availability' doesn't exist for query SHOW FULL COLUMNS FROM `wp_hsb_availability` made by do_action('toplevel_page_hair-salon-booking'), WP_Hook->do_action, WP_Hook->apply_filters, hsb_admin_page
[21-Jun-2024 18:36:08 UTC] WordPress database error Table 'exampledb.wp_hsb_availability' doesn't exist for query SELECT * FROM wp_hsb_availability made by do_action('toplevel_page_hair-salon-booking'), WP_Hook->do_action, WP_Hook->apply_filters, hsb_admin_page
[21-Jun-2024 18:36:11 UTC] PHP Warning:  Undefined array key "action" in /var/www/html/wp-content/plugins/hair-salon-booking.php on line 140
[21-Jun-2024 18:36:11 UTC] PHP Warning:  Undefined array key "action" in /var/www/html/wp-content/plugins/hair-salon-booking.php on line 154
[21-Jun-2024 18:36:11 UTC] WordPress database error Table 'exampledb.wp_hsb_availability' doesn't exist for query SELECT * FROM wp_hsb_availability made by do_action('toplevel_page_hair-salon-booking'), WP_Hook->do_action, WP_Hook->apply_filters, hsb_admin_page
[21-Jun-2024 18:36:23 UTC] PHP Warning:  Undefined array key "is_holiday" in /var/www/html/wp-content/plugins/hair-salon-booking.php on line 144
[21-Jun-2024 18:36:23 UTC] WordPress database error Table 'exampledb.wp_hsb_availability' doesn't exist for query SHOW FULL COLUMNS FROM `wp_hsb_availability` made by do_action('toplevel_page_hair-salon-booking'), WP_Hook->do_action, WP_Hook->apply_filters, hsb_admin_page
[21-Jun-2024 18:36:23 UTC] WordPress database error Table 'exampledb.wp_hsb_availability' doesn't exist for query SELECT * FROM wp_hsb_availability made by do_action('toplevel_page_hair-salon-booking'), WP_Hook->do_action, WP_Hook->apply_filters, hsb_admin_page
[21-Jun-2024 18:36:25 UTC] PHP Warning:  Undefined array key "action" in /var/www/html/wp-content/plugins/hair-salon-booking.php on line 140
[21-Jun-2024 18:36:25 UTC] PHP Warning:  Undefined array key "action" in /var/www/html/wp-content/plugins/hair-salon-booking.php on line 154
[21-Jun-2024 18:36:25 UTC] WordPress database error Table 'exampledb.wp_hsb_availability' doesn't exist for query SELECT * FROM wp_hsb_availability made by do_action('toplevel_page_hair-salon-booking'), WP_Hook->do_action, WP_Hook->apply_filters, hsb_admin_page
[21-Jun-2024 18:36:27 UTC] PHP Warning:  Undefined array key "action" in /var/www/html/wp-content/plugins/hair-salon-booking.php on line 140
[21-Jun-2024 18:36:27 UTC] PHP Warning:  Undefined array key "action" in /var/www/html/wp-content/plugins/hair-salon-booking.php on line 154
[21-Jun-2024 18:36:27 UTC] WordPress database error Table 'exampledb.wp_hsb_availability' doesn't exist for query SELECT * FROM wp_hsb_availability made by do_action('toplevel_page_hair-salon-booking'), WP_Hook->do_action, WP_Hook->apply_filters, hsb_admin_page
[21-Jun-2024 18:36:44 UTC] PHP Warning:  Undefined array key "is_holiday" in /var/www/html/wp-content/plugins/hair-salon-booking.php on line 144
[21-Jun-2024 18:36:44 UTC] WordPress database error Table 'exampledb.wp_hsb_availability' doesn't exist for query SHOW FULL COLUMNS FROM `wp_hsb_availability` made by do_action('toplevel_page_hair-salon-booking'), WP_Hook->do_action, WP_Hook->apply_filters, hsb_admin_page
[21-Jun-2024 18:36:44 UTC] WordPress database error Table 'exampledb.wp_hsb_availability' doesn't exist for query SELECT * FROM wp_hsb_availability made by do_action('toplevel_page_hair-salon-booking'), WP_Hook->do_action, WP_Hook->apply_filters, hsb_admin_page
[21-Jun-2024 18:39:05 UTC] PHP Warning:  Undefined array key "action" in /var/www/html/wp-content/plugins/hair-salon-booking.php on line 140
[21-Jun-2024 18:39:05 UTC] PHP Warning:  Undefined array key "action" in /var/www/html/wp-content/plugins/hair-salon-booking.php on line 154
[21-Jun-2024 18:39:13 UTC] PHP Warning:  Undefined array key "is_holiday" in /var/www/html/wp-content/plugins/hair-salon-booking.php on line 144
[21-Jun-2024 18:46:07 UTC] PHP Warning:  Undefined array key "action" in /var/www/html/wp-content/plugins/hair-salon-booking.php on line 151
[21-Jun-2024 18:46:07 UTC] PHP Warning:  Undefined array key "action" in /var/www/html/wp-content/plugins/hair-salon-booking.php on line 165
[21-Jun-2024 18:46:11 UTC] PHP Warning:  Undefined array key "action" in /var/www/html/wp-content/plugins/hair-salon-booking.php on line 151
[21-Jun-2024 18:46:11 UTC] PHP Warning:  Undefined array key "action" in /var/www/html/wp-content/plugins/hair-salon-booking.php on line 165
[21-Jun-2024 18:46:26 UTC] PHP Warning:  Undefined array key "action" in /var/www/html/wp-content/plugins/hair-salon-booking.php on line 151
[21-Jun-2024 18:46:26 UTC] PHP Warning:  Undefined array key "action" in /var/www/html/wp-content/plugins/hair-salon-booking.php on line 165
[21-Jun-2024 18:46:30 UTC] PHP Warning:  Undefined array key "action" in /var/www/html/wp-content/plugins/hair-salon-booking.php on line 151
[21-Jun-2024 18:46:30 UTC] PHP Warning:  Undefined array key "action" in /var/www/html/wp-content/plugins/hair-salon-booking.php on line 165
[21-Jun-2024 18:48:05 UTC] PHP Warning:  Undefined array key "date" in /var/www/html/wp-content/plugins/hair-salon-booking.php on line 95
[21-Jun-2024 18:48:05 UTC] PHP Deprecated:  strtotime(): Passing null to parameter #1 ($datetime) of type string is deprecated in /var/www/html/wp-content/plugins/hair-salon-booking.php on line 96
[21-Jun-2024 18:48:15 UTC] PHP Warning:  Undefined array key "date" in /var/www/html/wp-content/plugins/hair-salon-booking.php on line 95
[21-Jun-2024 18:48:15 UTC] PHP Deprecated:  strtotime(): Passing null to parameter #1 ($datetime) of type string is deprecated in /var/www/html/wp-content/plugins/hair-salon-booking.php on line 96
[21-Jun-2024 18:52:02 UTC] PHP Warning:  Undefined array key "action" in /var/www/html/wp-content/plugins/hair-salon-booking.php on line 151
[21-Jun-2024 18:52:02 UTC] PHP Warning:  Undefined array key "action" in /var/www/html/wp-content/plugins/hair-salon-booking.php on line 165
[21-Jun-2024 18:52:27 UTC] PHP Fatal error:  Cannot redeclare hsb_admin_menu() (previously declared in /var/www/html/wp-content/plugins/hair-salon-booking.php:135) in /var/www/html/wp-content/plugins/hair-salon-booking.php on line 366
[21-Jun-2024 18:52:27 UTC] PHP Notice:  La función is_embed ha sido llamada de forma incorrecta. Las etiquetas de las consultas condicionales no funcionan antes de ejecutar la consulta. Haciéndolo antes, siempre devuelven falso. Por favor, ve <a>depuración en WordPress</a> para más información. (Este mensaje fue añadido en la versión 3.1.0). in /var/www/html/wp-includes/functions.php on line 6078
[21-Jun-2024 18:52:27 UTC] PHP Notice:  La función is_search ha sido llamada de forma incorrecta. Las etiquetas de las consultas condicionales no funcionan antes de ejecutar la consulta. Haciéndolo antes, siempre devuelven falso. Por favor, ve <a>depuración en WordPress</a> para más información. (Este mensaje fue añadido en la versión 3.1.0). in /var/www/html/wp-includes/functions.php on line 6078
[21-Jun-2024 18:52:27 UTC] PHP Fatal error:  Cannot redeclare hsb_admin_menu() (previously declared in /var/www/html/wp-content/plugins/hair-salon-booking.php:135) in /var/www/html/wp-content/plugins/hair-salon-booking.php on line 366
[21-Jun-2024 18:52:27 UTC] PHP Notice:  La función is_embed ha sido llamada de forma incorrecta. Las etiquetas de las consultas condicionales no funcionan antes de ejecutar la consulta. Haciéndolo antes, siempre devuelven falso. Por favor, ve <a>depuración en WordPress</a> para más información. (Este mensaje fue añadido en la versión 3.1.0). in /var/www/html/wp-includes/functions.php on line 6078
[21-Jun-2024 18:52:27 UTC] PHP Notice:  La función is_search ha sido llamada de forma incorrecta. Las etiquetas de las consultas condicionales no funcionan antes de ejecutar la consulta. Haciéndolo antes, siempre devuelven falso. Por favor, ve <a>depuración en WordPress</a> para más información. (Este mensaje fue añadido en la versión 3.1.0). in /var/www/html/wp-includes/functions.php on line 6078
[21-Jun-2024 18:52:33 UTC] PHP Warning:  Undefined array key "action" in /var/www/html/wp-content/plugins/hair-salon-booking.php on line 151
[21-Jun-2024 18:52:33 UTC] PHP Warning:  Undefined array key "action" in /var/www/html/wp-content/plugins/hair-salon-booking.php on line 165
[21-Jun-2024 18:53:10 UTC] PHP Warning:  Undefined array key "action" in /var/www/html/wp-content/plugins/hair-salon-booking.php on line 226
[21-Jun-2024 18:53:10 UTC] PHP Warning:  Undefined array key "action" in /var/www/html/wp-content/plugins/hair-salon-booking.php on line 240
[21-Jun-2024 18:53:14 UTC] PHP Warning:  Undefined array key "action" in /var/www/html/wp-content/plugins/hair-salon-booking.php on line 149
[21-Jun-2024 18:53:18 UTC] PHP Warning:  Undefined array key "action" in /var/www/html/wp-content/plugins/hair-salon-booking.php on line 226
[21-Jun-2024 18:53:18 UTC] PHP Warning:  Undefined array key "action" in /var/www/html/wp-content/plugins/hair-salon-booking.php on line 240
[21-Jun-2024 18:53:58 UTC] PHP Warning:  Undefined array key "action" in /var/www/html/wp-content/plugins/hair-salon-booking.php on line 149
[21-Jun-2024 18:53:59 UTC] PHP Warning:  Undefined array key "action" in /var/www/html/wp-content/plugins/hair-salon-booking.php on line 149
[21-Jun-2024 18:54:00 UTC] PHP Warning:  Undefined array key "action" in /var/www/html/wp-content/plugins/hair-salon-booking.php on line 226
[21-Jun-2024 18:54:00 UTC] PHP Warning:  Undefined array key "action" in /var/www/html/wp-content/plugins/hair-salon-booking.php on line 240
[21-Jun-2024 18:58:16 UTC] PHP Warning:  Undefined array key "action" in /var/www/html/wp-content/plugins/hair-salon-booking.php on line 226
[21-Jun-2024 18:58:16 UTC] PHP Warning:  Undefined array key "action" in /var/www/html/wp-content/plugins/hair-salon-booking.php on line 240
[21-Jun-2024 18:59:37 UTC] PHP Warning:  Undefined array key "action" in /var/www/html/wp-content/plugins/hair-salon-booking.php on line 149
[21-Jun-2024 19:04:54 UTC] PHP Warning:  Undefined array key "action" in /var/www/html/wp-content/plugins/hair-salon-booking.php on line 149
[21-Jun-2024 19:04:56 UTC] PHP Warning:  Undefined array key "action" in /var/www/html/wp-content/plugins/hair-salon-booking.php on line 226
[21-Jun-2024 19:04:56 UTC] PHP Warning:  Undefined array key "action" in /var/www/html/wp-content/plugins/hair-salon-booking.php on line 240
[21-Jun-2024 19:07:09 UTC] WordPress database error Table 'exampledb.wp_hsb_services' doesn't exist for query SELECT * FROM wp_hsb_services made by require('wp-blog-header.php'), require_once('wp-includes/template-loader.php'), include('wp-includes/template-canvas.php'), get_the_block_template_html, do_blocks, render_block, WP_Block->render, WP_Block->render, render_block_core_post_content, apply_filters('the_content'), WP_Hook->apply_filters, do_shortcode, preg_replace_callback, do_shortcode_tag, hsb_booking_form_shortcode
[21-Jun-2024 19:07:26 UTC] WordPress database error Table 'exampledb.wp_hsb_services' doesn't exist for query SELECT * FROM wp_hsb_services made by require('wp-blog-header.php'), require_once('wp-includes/template-loader.php'), include('wp-includes/template-canvas.php'), get_the_block_template_html, do_blocks, render_block, WP_Block->render, WP_Block->render, render_block_core_post_content, apply_filters('the_content'), WP_Hook->apply_filters, do_shortcode, preg_replace_callback, do_shortcode_tag, hsb_booking_form_shortcode
[21-Jun-2024 19:07:38 UTC] PHP Warning:  Undefined array key "action" in /var/www/html/wp-content/plugins/hair-salon-booking.php on line 253
[21-Jun-2024 19:07:38 UTC] PHP Warning:  Undefined array key "action" in /var/www/html/wp-content/plugins/hair-salon-booking.php on line 267
[21-Jun-2024 19:07:40 UTC] PHP Warning:  Undefined array key "action" in /var/www/html/wp-content/plugins/hair-salon-booking.php on line 176
[21-Jun-2024 19:07:41 UTC] PHP Warning:  Undefined array key "action" in /var/www/html/wp-content/plugins/hair-salon-booking.php on line 253
[21-Jun-2024 19:07:41 UTC] PHP Warning:  Undefined array key "action" in /var/www/html/wp-content/plugins/hair-salon-booking.php on line 267
[21-Jun-2024 19:07:59 UTC] PHP Warning:  Undefined array key "action" in /var/www/html/wp-content/plugins/hair-salon-booking.php on line 253
[21-Jun-2024 19:07:59 UTC] PHP Warning:  Undefined array key "action" in /var/www/html/wp-content/plugins/hair-salon-booking.php on line 267
[21-Jun-2024 19:08:01 UTC] PHP Warning:  Undefined array key "action" in /var/www/html/wp-content/plugins/hair-salon-booking.php on line 253
[21-Jun-2024 19:08:01 UTC] PHP Warning:  Undefined array key "action" in /var/www/html/wp-content/plugins/hair-salon-booking.php on line 267
[21-Jun-2024 19:08:02 UTC] PHP Warning:  Undefined array key "action" in /var/www/html/wp-content/plugins/hair-salon-booking.php on line 176
[21-Jun-2024 19:08:03 UTC] PHP Warning:  Undefined array key "action" in /var/www/html/wp-content/plugins/hair-salon-booking.php on line 253
[21-Jun-2024 19:08:03 UTC] PHP Warning:  Undefined array key "action" in /var/www/html/wp-content/plugins/hair-salon-booking.php on line 267
[21-Jun-2024 19:08:04 UTC] PHP Warning:  Undefined array key "action" in /var/www/html/wp-content/plugins/hair-salon-booking.php on line 253
[21-Jun-2024 19:08:04 UTC] PHP Warning:  Undefined array key "action" in /var/www/html/wp-content/plugins/hair-salon-booking.php on line 267
[21-Jun-2024 19:08:51 UTC] PHP Warning:  Undefined array key "action" in /var/www/html/wp-content/plugins/hair-salon-booking.php on line 256
[21-Jun-2024 19:08:51 UTC] PHP Warning:  Undefined array key "action" in /var/www/html/wp-content/plugins/hair-salon-booking.php on line 270
[21-Jun-2024 19:08:52 UTC] PHP Warning:  Undefined array key "action" in /var/www/html/wp-content/plugins/hair-salon-booking.php on line 179
[21-Jun-2024 19:08:54 UTC] PHP Warning:  Undefined array key "action" in /var/www/html/wp-content/plugins/hair-salon-booking.php on line 256
[21-Jun-2024 19:08:54 UTC] PHP Warning:  Undefined array key "action" in /var/www/html/wp-content/plugins/hair-salon-booking.php on line 270
[21-Jun-2024 19:09:40 UTC] PHP Warning:  Undefined array key "employee" in /var/www/html/wp-content/plugins/hair-salon-booking.php on line 83
[21-Jun-2024 19:10:36 UTC] PHP Warning:  Undefined array key "action" in /var/www/html/wp-content/plugins/hair-salon-booking.php on line 256
[21-Jun-2024 19:10:36 UTC] PHP Warning:  Undefined array key "action" in /var/www/html/wp-content/plugins/hair-salon-booking.php on line 270
[21-Jun-2024 19:11:41 UTC] WordPress database error You have an error in your SQL syntax; check the manual that corresponds to your MySQL server version for the right syntax to use near 'FOREIGN KEY (user_id) REFERENCES wp_users(ID)' at line 1 for query ALTER TABLE wp_bookings ADD COLUMN FOREIGN KEY (user_id) REFERENCES wp_users(ID) made by activate_plugin, do_action('activate_reservas-peluqueria/booking-manager.php'), WP_Hook->do_action, WP_Hook->apply_filters, booking_manager_install, dbDelta
[21-Jun-2024 19:11:41 UTC] WordPress database error You have an error in your SQL syntax; check the manual that corresponds to your MySQL server version for the right syntax to use near 'FOREIGN KEY (booking_id) REFERENCES wp_bookings(id)' at line 1 for query ALTER TABLE wp_reviews ADD COLUMN FOREIGN KEY (booking_id) REFERENCES wp_bookings(id) made by activate_plugin, do_action('activate_reservas-peluqueria/booking-manager.php'), WP_Hook->do_action, WP_Hook->apply_filters, booking_manager_install, dbDelta
[21-Jun-2024 19:13:05 UTC] WordPress database error You have an error in your SQL syntax; check the manual that corresponds to your MySQL server version for the right syntax to use near '' at line 1 for query ALTER TABLE wp_hsb_services CHANGE COLUMN `duration` duration int NOT NULL, -- duration in minutes made by activate_plugin, do_action('activate_plugin-reservas-ramzeta/hair-salon-booking.php'), WP_Hook->do_action, WP_Hook->apply_filters, hsb_create_tables, dbDelta
[21-Jun-2024 19:13:06 UTC] PHP Warning:  Undefined array key "action" in /var/www/html/wp-content/plugins/plugin-reservas-ramzeta/hair-salon-booking.php on line 256
[21-Jun-2024 19:13:06 UTC] PHP Warning:  Undefined array key "action" in /var/www/html/wp-content/plugins/plugin-reservas-ramzeta/hair-salon-booking.php on line 270
[21-Jun-2024 19:13:08 UTC] PHP Warning:  Undefined array key "action" in /var/www/html/wp-content/plugins/plugin-reservas-ramzeta/hair-salon-booking.php on line 179
[21-Jun-2024 19:13:10 UTC] PHP Warning:  Undefined array key "action" in /var/www/html/wp-content/plugins/plugin-reservas-ramzeta/hair-salon-booking.php on line 256
[21-Jun-2024 19:13:10 UTC] PHP Warning:  Undefined array key "action" in /var/www/html/wp-content/plugins/plugin-reservas-ramzeta/hair-salon-booking.php on line 270
[21-Jun-2024 19:14:51 UTC] PHP Warning:  Undefined array key "action" in /var/www/html/wp-content/plugins/plugin-reservas-ramzeta/hair-salon-booking.php on line 256
[21-Jun-2024 19:14:51 UTC] PHP Warning:  Undefined array key "action" in /var/www/html/wp-content/plugins/plugin-reservas-ramzeta/hair-salon-booking.php on line 270
[21-Jun-2024 19:14:53 UTC] PHP Warning:  Undefined array key "action" in /var/www/html/wp-content/plugins/plugin-reservas-ramzeta/hair-salon-booking.php on line 179
